# JRE version: Java(TM) SE Runtime Environment (8.0_191-b12) (build 1.8.0_191-b12)
# Java VM: Java HotSpot(TM) Client VM (25.191-b12 mixed mode, sharing windows-x86 )
Heap:
 def new generation   total 78656K, used 74966K [0x04800000, 0x09d50000, 0x09d50000)
  eden space 69952K,  94% used [0x04800000, 0x088b5b08, 0x08c50000)
  from space 8704K, 100% used [0x094d0000, 0x09d50000, 0x09d50000)
  to   space 8704K,   0% used [0x08c50000, 0x08c50000, 0x094d0000)
 tenured generation   total 174784K, used 133800K [0x09d50000, 0x14800000, 0x14800000)
   the space 174784K,  76% used [0x09d50000, 0x11ffa068, 0x11ffa200, 0x14800000)
 Metaspace       used 22540K, capacity 23678K, committed 23808K, reserved 23936K
GC Heap History (10 events):
Event: 358.394 GC heap before
{Heap before GC invocations=143 (full 15):
 def new generation   total 78656K, used 69952K [0x04800000, 0x09d50000, 0x09d50000)
  eden space 69952K, 100% used [0x04800000, 0x08c50000, 0x08c50000)
  from space 8704K,   0% used [0x08c50000, 0x08c50000, 0x094d0000)
  to   space 8704K,   0% used [0x094d0000, 0x094d0000, 0x09d50000)
 tenured generation   total 174784K, used 109804K [0x09d50000, 0x14800000, 0x14800000)
   the space 174784K,  62% used [0x09d50000, 0x1088b0d0, 0x1088b200, 0x14800000)
 Metaspace       used 22407K, capacity 23543K, committed 23680K, reserved 23936K
Event: 358.511 GC heap after
Heap after GC invocations=144 (full 15):
 def new generation   total 78656K, used 8704K [0x04800000, 0x09d50000, 0x09d50000)
  eden space 69952K,   0% used [0x04800000, 0x04800000, 0x08c50000)
  from space 8704K, 100% used [0x094d0000, 0x09d50000, 0x09d50000)
  to   space 8704K,   0% used [0x08c50000, 0x08c50000, 0x094d0000)
 tenured generation   total 174784K, used 141885K [0x09d50000, 0x14800000, 0x14800000)
   the space 174784K,  81% used [0x09d50000, 0x127df500, 0x127df600, 0x14800000)
 Metaspace       used 22407K, capacity 23543K, committed 23680K, reserved 23936K
}
Event: 358.798 GC heap before
{Heap before GC invocations=144 (full 15):
 def new generation   total 78656K, used 78656K [0x04800000, 0x09d50000, 0x09d50000)
  eden space 69952K, 100% used [0x04800000, 0x08c50000, 0x08c50000)
  from space 8704K, 100% used [0x094d0000, 0x09d50000, 0x09d50000)
  to   space 8704K,   0% used [0x08c50000, 0x08c50000, 0x094d0000)
 tenured generation   total 174784K, used 141885K [0x09d50000, 0x14800000, 0x14800000)
   the space 174784K,  81% used [0x09d50000, 0x127df500, 0x127df600, 0x14800000)
 Metaspace       used 22407K, capacity 23543K, committed 23680K, reserved 23936K
Event: 359.025 GC heap after
Heap after GC invocations=145 (full 16):
 def new generation   total 78656K, used 0K [0x04800000, 0x09d50000, 0x09d50000)
  eden space 69952K,   0% used [0x04800000, 0x04800000, 0x08c50000)
  from space 8704K,   0% used [0x094d0000, 0x094d0000, 0x09d50000)
  to   space 8704K,   0% used [0x08c50000, 0x08c50000, 0x094d0000)
 tenured generation   total 174784K, used 94296K [0x09d50000, 0x14800000, 0x14800000)
   the space 174784K,  53% used [0x09d50000, 0x0f966240, 0x0f966400, 0x14800000)
 Metaspace       used 22407K, capacity 23543K, committed 23680K, reserved 23936K
}
Event: 359.336 GC heap before
{Heap before GC invocations=145 (full 16):
 def new generation   total 78656K, used 69952K [0x04800000, 0x09d50000, 0x09d50000)
  eden space 69952K, 100% used [0x04800000, 0x08c50000, 0x08c50000)
  from space 8704K,   0% used [0x094d0000, 0x094d0000, 0x09d50000)
  to   space 8704K,   0% used [0x08c50000, 0x08c50000, 0x094d0000)
 tenured generation   total 174784K, used 94296K [0x09d50000, 0x14800000, 0x14800000)
   the space 174784K,  53% used [0x09d50000, 0x0f966240, 0x0f966400, 0x14800000)
 Metaspace       used 22407K, capacity 23543K, committed 23680K, reserved 23936K
Event: 359.422 GC heap after
Heap after GC invocations=146 (full 16):
 def new generation   total 78656K, used 8704K [0x04800000, 0x09d50000, 0x09d50000)
  eden space 69952K,   0% used [0x04800000, 0x04800000, 0x08c50000)
  from space 8704K, 100% used [0x08c50000, 0x094d0000, 0x094d0000)
  to   space 8704K,   0% used [0x094d0000, 0x094d0000, 0x09d50000)
 tenured generation   total 174784K, used 129713K [0x09d50000, 0x14800000, 0x14800000)
   the space 174784K,  74% used [0x09d50000, 0x11bfc730, 0x11bfc800, 0x14800000)
 Metaspace       used 22407K, capacity 23543K, committed 23680K, reserved 23936K
}
Event: 359.735 GC heap before
{Heap before GC invocations=146 (full 16):
 def new generation   total 78656K, used 78656K [0x04800000, 0x09d50000, 0x09d50000)
  eden space 69952K, 100% used [0x04800000, 0x08c50000, 0x08c50000)
  from space 8704K, 100% used [0x08c50000, 0x094d0000, 0x094d0000)
  to   space 8704K,   0% used [0x094d0000, 0x094d0000, 0x09d50000)
 tenured generation   total 174784K, used 129713K [0x09d50000, 0x14800000, 0x14800000)
   the space 174784K,  74% used [0x09d50000, 0x11bfc730, 0x11bfc800, 0x14800000)
 Metaspace       used 22407K, capacity 23543K, committed 23680K, reserved 23936K
Event: 359.925 GC heap after
Heap after GC invocations=147 (full 17):
 def new generation   total 78656K, used 0K [0x04800000, 0x09d50000, 0x09d50000)
  eden space 69952K,   0% used [0x04800000, 0x04800000, 0x08c50000)
  from space 8704K,   0% used [0x08c50000, 0x08c50000, 0x094d0000)
  to   space 8704K,   0% used [0x094d0000, 0x094d0000, 0x09d50000)
 tenured generation   total 174784K, used 109999K [0x09d50000, 0x14800000, 0x14800000)
   the space 174784K,  62% used [0x09d50000, 0x108bbf38, 0x108bc000, 0x14800000)
 Metaspace       used 22407K, capacity 23543K, committed 23680K, reserved 23936K
}
Event: 1333.283 GC heap before
{Heap before GC invocations=147 (full 17):
 def new generation   total 78656K, used 69952K [0x04800000, 0x09d50000, 0x09d50000)
  eden space 69952K, 100% used [0x04800000, 0x08c50000, 0x08c50000)
  from space 8704K,   0% used [0x08c50000, 0x08c50000, 0x094d0000)
  to   space 8704K,   0% used [0x094d0000, 0x094d0000, 0x09d50000)
 tenured generation   total 174784K, used 109999K [0x09d50000, 0x14800000, 0x14800000)
   the space 174784K,  62% used [0x09d50000, 0x108bbf38, 0x108bc000, 0x14800000)
 Metaspace       used 22409K, capacity 23545K, committed 23680K, reserved 23936K
Event: 1333.387 GC heap after
Heap after GC invocations=148 (full 17):
 def new generation   total 78656K, used 8704K [0x04800000, 0x09d50000, 0x09d50000)
  eden space 69952K,   0% used [0x04800000, 0x04800000, 0x08c50000)
  from space 8704K, 100% used [0x094d0000, 0x09d50000, 0x09d50000)
  to   space 8704K,   0% used [0x08c50000, 0x08c50000, 0x094d0000)
 tenured generation   total 174784K, used 133800K [0x09d50000, 0x14800000, 0x14800000)
   the space 174784K,  76% used [0x09d50000, 0x11ffa068, 0x11ffa200, 0x14800000)
 Metaspace       used 22409K, capacity 23545K, committed 23680K, reserved 23936K
}

